????-??-?? ??:??:??,??? [Worker-6: Loading available Gradle versions] INFO  o.e.b.c.i.u.g.PublishedGradleVersions - Gradle version information cache is up-to-date. Trying to read.
????-??-?? ??:??:??,??? [Worker-11: Importing Maven projects] INFO  o.e.m.c.i.l.LifecycleMappingFactory - Using org.eclipse.m2e.jdt.JarLifecycleMapping lifecycle mapping for MavenProject: com.product.in:product:0.0.1-SNAPSHOT @ F:\microservice\service2\product\product\pom.xml.
????-??-?? ??:??:??,??? [Worker-11: Importing Maven projects] WARN  o.e.m.c.i.embedder.EclipseLogger - The POM for javax.inject:javax.inject:jar:1 is invalid, transitive dependencies (if any) will not be available, enable debug logging for more details
????-??-?? ??:??:??,??? [Worker-11: Importing Maven projects] INFO  o.e.m.j.i.AbstractJavaProjectConfigurator - Adding source folder /product/src/main/java
????-??-?? ??:??:??,??? [Worker-11: Importing Maven projects] INFO  o.e.m.j.i.AbstractJavaProjectConfigurator - Adding resource folder /product/src/main/resources
????-??-?? ??:??:??,??? [Worker-11: Importing Maven projects] INFO  o.e.m.j.i.AbstractJavaProjectConfigurator - Adding resource folder /product/src/main/resources
????-??-?? ??:??:??,??? [Worker-11: Importing Maven projects] INFO  o.e.m.j.i.AbstractJavaProjectConfigurator - Adding source folder /product/src/test/java
????-??-?? ??:??:??,??? [Worker-11: Importing Maven projects] INFO  o.e.m.c.i.p.ProjectConfigurationManager - Imported and configured 1 project(s) in 45 sec
????-??-?? ??:??:??,??? [Worker-1: Building workspace] WARN  o.e.m.c.i.embedder.EclipseLogger - The POM for javax.inject:javax.inject:jar:1 is invalid, transitive dependencies (if any) will not be available, enable debug logging for more details
????-??-?? ??:??:??,??? [Worker-1: Building workspace] INFO  o.e.m.c.i.embedder.EclipseLogger - Using 'UTF-8' encoding to copy filtered resources.
????-??-?? ??:??:??,??? [Worker-1: Building workspace] INFO  o.e.m.c.i.embedder.EclipseLogger - Copying 1 resource
????-??-?? ??:??:??,??? [Worker-1: Building workspace] INFO  o.e.m.c.i.embedder.EclipseLogger - Copying 0 resource
????-??-?? ??:??:??,??? [Worker-1: Building workspace] INFO  o.e.m.c.i.embedder.EclipseLogger - Using 'UTF-8' encoding to copy filtered resources.
????-??-?? ??:??:??,??? [Worker-1: Building workspace] INFO  o.e.m.c.i.embedder.EclipseLogger - skip non existing resourceDirectory F:\microservice\service2\product\product\src\test\resources
????-??-?? ??:??:??,??? [Worker-22: Building workspace] INFO  o.e.m.c.i.embedder.EclipseLogger - Using 'UTF-8' encoding to copy filtered resources.
????-??-?? ??:??:??,??? [Worker-22: Building workspace] INFO  o.e.m.c.i.embedder.EclipseLogger - Copying 1 resource
????-??-?? ??:??:??,??? [Worker-22: Building workspace] INFO  o.e.m.c.i.embedder.EclipseLogger - Copying 0 resource
????-??-?? ??:??:??,??? [Worker-22: Building workspace] INFO  o.e.m.c.i.embedder.EclipseLogger - Using 'UTF-8' encoding to copy filtered resources.
????-??-?? ??:??:??,??? [Worker-22: Building workspace] INFO  o.e.m.c.i.embedder.EclipseLogger - skip non existing resourceDirectory F:\microservice\service2\product\product\src\test\resources
????-??-?? ??:??:??,??? [Worker-20: Building workspace] INFO  o.e.m.c.i.embedder.EclipseLogger - Using 'UTF-8' encoding to copy filtered resources.
????-??-?? ??:??:??,??? [Worker-20: Building workspace] INFO  o.e.m.c.i.embedder.EclipseLogger - Copying 1 resource
????-??-?? ??:??:??,??? [Worker-20: Building workspace] INFO  o.e.m.c.i.embedder.EclipseLogger - Copying 0 resource
????-??-?? ??:??:??,??? [Worker-20: Building workspace] INFO  o.e.m.c.i.embedder.EclipseLogger - Using 'UTF-8' encoding to copy filtered resources.
????-??-?? ??:??:??,??? [Worker-20: Building workspace] INFO  o.e.m.c.i.embedder.EclipseLogger - skip non existing resourceDirectory F:\microservice\service2\product\product\src\test\resources
????-??-?? ??:??:??,??? [Worker-19: Building workspace] INFO  o.e.m.c.i.embedder.EclipseLogger - Using 'UTF-8' encoding to copy filtered resources.
????-??-?? ??:??:??,??? [Worker-19: Building workspace] INFO  o.e.m.c.i.embedder.EclipseLogger - Copying 1 resource
????-??-?? ??:??:??,??? [Worker-19: Building workspace] INFO  o.e.m.c.i.embedder.EclipseLogger - Copying 0 resource
????-??-?? ??:??:??,??? [Worker-19: Building workspace] INFO  o.e.m.c.i.embedder.EclipseLogger - Using 'UTF-8' encoding to copy filtered resources.
????-??-?? ??:??:??,??? [Worker-19: Building workspace] INFO  o.e.m.c.i.embedder.EclipseLogger - skip non existing resourceDirectory F:\microservice\service2\product\product\src\test\resources
????-??-?? ??:??:??,??? [Worker-0: Launching Executing clean in F__microservice_service2_product_product] INFO  o.e.m.i.launch.MavenLaunchDelegate - F:\microservice\service2\product\product
????-??-?? ??:??:??,??? [Worker-0: Launching Executing clean in F__microservice_service2_product_product] INFO  o.e.m.i.launch.MavenLaunchDelegate -  mvn -B clean -Dstyle.color=always
????-??-?? ??:??:??,??? [Worker-19: Building workspace] INFO  o.e.m.c.i.embedder.EclipseLogger - Using 'UTF-8' encoding to copy filtered resources.
????-??-?? ??:??:??,??? [Worker-19: Building workspace] INFO  o.e.m.c.i.embedder.EclipseLogger - Copying 1 resource
????-??-?? ??:??:??,??? [Worker-19: Building workspace] INFO  o.e.m.c.i.embedder.EclipseLogger - Copying 0 resource
????-??-?? ??:??:??,??? [Worker-19: Building workspace] INFO  o.e.m.c.i.embedder.EclipseLogger - Using 'UTF-8' encoding to copy filtered resources.
????-??-?? ??:??:??,??? [Worker-19: Building workspace] INFO  o.e.m.c.i.embedder.EclipseLogger - skip non existing resourceDirectory F:\microservice\service2\product\product\src\test\resources
????-??-?? ??:??:??,??? [Worker-19: Updating Maven Project] INFO  o.e.m.c.i.p.ProjectConfigurationManager - Update started
????-??-?? ??:??:??,??? [Worker-19: Updating Maven Project] INFO  o.e.m.c.i.l.LifecycleMappingFactory - Using org.eclipse.m2e.jdt.JarLifecycleMapping lifecycle mapping for MavenProject: com.product.in:product:0.0.1-SNAPSHOT @ F:\microservice\service2\product\product\pom.xml.
????-??-?? ??:??:??,??? [Worker-19: Updating Maven Project] WARN  o.e.m.c.i.embedder.EclipseLogger - The POM for javax.inject:javax.inject:jar:1 is invalid, transitive dependencies (if any) will not be available, enable debug logging for more details
????-??-?? ??:??:??,??? [Worker-19: Updating Maven Project] INFO  o.e.m.j.i.AbstractJavaProjectConfigurator - Adding source folder /product/src/main/java
????-??-?? ??:??:??,??? [Worker-19: Updating Maven Project] INFO  o.e.m.j.i.AbstractJavaProjectConfigurator - Adding resource folder /product/src/main/resources
????-??-?? ??:??:??,??? [Worker-19: Updating Maven Project] INFO  o.e.m.j.i.AbstractJavaProjectConfigurator - Adding resource folder /product/src/main/resources
????-??-?? ??:??:??,??? [Worker-19: Updating Maven Project] INFO  o.e.m.j.i.AbstractJavaProjectConfigurator - Adding source folder /product/src/test/java
????-??-?? ??:??:??,??? [Worker-19: Updating Maven Project] INFO  o.e.m.c.i.p.ProjectConfigurationManager - Update completed: 18 sec
????-??-?? ??:??:??,??? [Worker-23: Building workspace] WARN  o.e.m.c.i.embedder.EclipseLogger - The POM for javax.inject:javax.inject:jar:1 is invalid, transitive dependencies (if any) will not be available, enable debug logging for more details
????-??-?? ??:??:??,??? [Worker-23: Building workspace] INFO  o.e.m.c.i.embedder.EclipseLogger - Using 'UTF-8' encoding to copy filtered resources.
????-??-?? ??:??:??,??? [Worker-23: Building workspace] INFO  o.e.m.c.i.embedder.EclipseLogger - Copying 1 resource
????-??-?? ??:??:??,??? [Worker-23: Building workspace] INFO  o.e.m.c.i.embedder.EclipseLogger - Copying 0 resource
????-??-?? ??:??:??,??? [Worker-23: Building workspace] INFO  o.e.m.c.i.embedder.EclipseLogger - Using 'UTF-8' encoding to copy filtered resources.
????-??-?? ??:??:??,??? [Worker-23: Building workspace] INFO  o.e.m.c.i.embedder.EclipseLogger - skip non existing resourceDirectory F:\microservice\service2\product\product\src\test\resources
????-??-?? ??:??:??,??? [Worker-21: Building workspace] INFO  o.e.m.c.i.embedder.EclipseLogger - Using 'UTF-8' encoding to copy filtered resources.
????-??-?? ??:??:??,??? [Worker-21: Building workspace] INFO  o.e.m.c.i.embedder.EclipseLogger - Copying 1 resource
????-??-?? ??:??:??,??? [Worker-21: Building workspace] INFO  o.e.m.c.i.embedder.EclipseLogger - Copying 0 resource
????-??-?? ??:??:??,??? [Worker-21: Building workspace] INFO  o.e.m.c.i.embedder.EclipseLogger - Using 'UTF-8' encoding to copy filtered resources.
????-??-?? ??:??:??,??? [Worker-21: Building workspace] INFO  o.e.m.c.i.embedder.EclipseLogger - skip non existing resourceDirectory F:\microservice\service2\product\product\src\test\resources
????-??-?? ??:??:??,??? [Worker-21: Building workspace] INFO  o.e.m.c.i.embedder.EclipseLogger - Using 'UTF-8' encoding to copy filtered resources.
????-??-?? ??:??:??,??? [Worker-21: Building workspace] INFO  o.e.m.c.i.embedder.EclipseLogger - Copying 1 resource
????-??-?? ??:??:??,??? [Worker-21: Building workspace] INFO  o.e.m.c.i.embedder.EclipseLogger - Copying 0 resource
????-??-?? ??:??:??,??? [Worker-21: Building workspace] INFO  o.e.m.c.i.embedder.EclipseLogger - Using 'UTF-8' encoding to copy filtered resources.
????-??-?? ??:??:??,??? [Worker-21: Building workspace] INFO  o.e.m.c.i.embedder.EclipseLogger - skip non existing resourceDirectory F:\microservice\service2\product\product\src\test\resources
????-??-?? ??:??:??,??? [Worker-27: Building workspace] INFO  o.e.m.c.i.embedder.EclipseLogger - Using 'UTF-8' encoding to copy filtered resources.
????-??-?? ??:??:??,??? [Worker-27: Building workspace] INFO  o.e.m.c.i.embedder.EclipseLogger - Copying 1 resource
????-??-?? ??:??:??,??? [Worker-27: Building workspace] INFO  o.e.m.c.i.embedder.EclipseLogger - Copying 0 resource
????-??-?? ??:??:??,??? [Worker-27: Building workspace] INFO  o.e.m.c.i.embedder.EclipseLogger - Using 'UTF-8' encoding to copy filtered resources.
????-??-?? ??:??:??,??? [Worker-27: Building workspace] INFO  o.e.m.c.i.embedder.EclipseLogger - skip non existing resourceDirectory F:\microservice\service2\product\product\src\test\resources
????-??-?? ??:??:??,??? [Worker-0: Launching Executing clean in F__microservice_service2_product_product] INFO  o.e.m.i.launch.MavenLaunchDelegate - F:\microservice\service2\product\product
????-??-?? ??:??:??,??? [Worker-0: Launching Executing clean in F__microservice_service2_product_product] INFO  o.e.m.i.launch.MavenLaunchDelegate -  mvn -B clean -Dstyle.color=always
????-??-?? ??:??:??,??? [Worker-0: Building workspace] INFO  o.e.m.c.i.embedder.EclipseLogger - Using 'UTF-8' encoding to copy filtered resources.
????-??-?? ??:??:??,??? [Worker-0: Building workspace] INFO  o.e.m.c.i.embedder.EclipseLogger - Copying 1 resource
????-??-?? ??:??:??,??? [Worker-0: Building workspace] INFO  o.e.m.c.i.embedder.EclipseLogger - Copying 0 resource
????-??-?? ??:??:??,??? [Worker-0: Building workspace] INFO  o.e.m.c.i.embedder.EclipseLogger - Using 'UTF-8' encoding to copy filtered resources.
????-??-?? ??:??:??,??? [Worker-0: Building workspace] INFO  o.e.m.c.i.embedder.EclipseLogger - skip non existing resourceDirectory F:\microservice\service2\product\product\src\test\resources
????-??-?? ??:??:??,??? [Worker-27: Updating Maven Project] INFO  o.e.m.c.i.p.ProjectConfigurationManager - Update started
????-??-?? ??:??:??,??? [Worker-27: Updating Maven Project] INFO  o.e.m.c.i.l.LifecycleMappingFactory - Using org.eclipse.m2e.jdt.JarLifecycleMapping lifecycle mapping for MavenProject: com.product.in:product:0.0.1-SNAPSHOT @ F:\microservice\service2\product\product\pom.xml.
????-??-?? ??:??:??,??? [Worker-27: Updating Maven Project] WARN  o.e.m.c.i.embedder.EclipseLogger - The POM for javax.inject:javax.inject:jar:1 is invalid, transitive dependencies (if any) will not be available, enable debug logging for more details
????-??-?? ??:??:??,??? [Worker-27: Updating Maven Project] INFO  o.e.m.j.i.AbstractJavaProjectConfigurator - Adding source folder /product/src/main/java
????-??-?? ??:??:??,??? [Worker-27: Updating Maven Project] INFO  o.e.m.j.i.AbstractJavaProjectConfigurator - Adding resource folder /product/src/main/resources
????-??-?? ??:??:??,??? [Worker-27: Updating Maven Project] INFO  o.e.m.j.i.AbstractJavaProjectConfigurator - Adding resource folder /product/src/main/resources
????-??-?? ??:??:??,??? [Worker-27: Updating Maven Project] INFO  o.e.m.j.i.AbstractJavaProjectConfigurator - Adding source folder /product/src/test/java
????-??-?? ??:??:??,??? [Worker-27: Updating Maven Project] INFO  o.e.m.c.i.p.ProjectConfigurationManager - Update completed: 13 sec
????-??-?? ??:??:??,??? [Worker-21: Building workspace] WARN  o.e.m.c.i.embedder.EclipseLogger - The POM for javax.inject:javax.inject:jar:1 is invalid, transitive dependencies (if any) will not be available, enable debug logging for more details
????-??-?? ??:??:??,??? [Worker-21: Building workspace] INFO  o.e.m.c.i.embedder.EclipseLogger - Using 'UTF-8' encoding to copy filtered resources.
????-??-?? ??:??:??,??? [Worker-21: Building workspace] INFO  o.e.m.c.i.embedder.EclipseLogger - Copying 1 resource
????-??-?? ??:??:??,??? [Worker-21: Building workspace] INFO  o.e.m.c.i.embedder.EclipseLogger - Copying 0 resource
????-??-?? ??:??:??,??? [Worker-21: Building workspace] INFO  o.e.m.c.i.embedder.EclipseLogger - Using 'UTF-8' encoding to copy filtered resources.
????-??-?? ??:??:??,??? [Worker-21: Building workspace] INFO  o.e.m.c.i.embedder.EclipseLogger - skip non existing resourceDirectory F:\microservice\service2\product\product\src\test\resources
????-??-?? ??:??:??,??? [Worker-35: Building workspace] INFO  o.e.m.c.i.embedder.EclipseLogger - Using 'UTF-8' encoding to copy filtered resources.
????-??-?? ??:??:??,??? [Worker-35: Building workspace] INFO  o.e.m.c.i.embedder.EclipseLogger - Copying 1 resource
????-??-?? ??:??:??,??? [Worker-35: Building workspace] INFO  o.e.m.c.i.embedder.EclipseLogger - Copying 0 resource
????-??-?? ??:??:??,??? [Worker-35: Building workspace] INFO  o.e.m.c.i.embedder.EclipseLogger - Using 'UTF-8' encoding to copy filtered resources.
????-??-?? ??:??:??,??? [Worker-35: Building workspace] INFO  o.e.m.c.i.embedder.EclipseLogger - skip non existing resourceDirectory F:\microservice\service2\product\product\src\test\resources
????-??-?? ??:??:??,??? [Worker-42: Building workspace] INFO  o.e.m.c.i.embedder.EclipseLogger - Using 'UTF-8' encoding to copy filtered resources.
????-??-?? ??:??:??,??? [Worker-42: Building workspace] INFO  o.e.m.c.i.embedder.EclipseLogger - Copying 1 resource
????-??-?? ??:??:??,??? [Worker-42: Building workspace] INFO  o.e.m.c.i.embedder.EclipseLogger - Copying 0 resource
????-??-?? ??:??:??,??? [Worker-42: Building workspace] INFO  o.e.m.c.i.embedder.EclipseLogger - Using 'UTF-8' encoding to copy filtered resources.
????-??-?? ??:??:??,??? [Worker-42: Building workspace] INFO  o.e.m.c.i.embedder.EclipseLogger - skip non existing resourceDirectory F:\microservice\service2\product\product\src\test\resources
????-??-?? ??:??:??,??? [Worker-1: Loading available Gradle versions] INFO  o.e.b.c.i.u.g.PublishedGradleVersions - Gradle version information cache is up-to-date. Trying to read.
????-??-?? ??:??:??,??? [Worker-7: Building workspace] WARN  o.e.m.c.i.embedder.EclipseLogger - The POM for javax.inject:javax.inject:jar:1 is invalid, transitive dependencies (if any) will not be available, enable debug logging for more details
????-??-?? ??:??:??,??? [Worker-7: Building workspace] INFO  o.e.m.c.i.embedder.EclipseLogger - Using 'UTF-8' encoding to copy filtered resources.
????-??-?? ??:??:??,??? [Worker-7: Building workspace] INFO  o.e.m.c.i.embedder.EclipseLogger - Copying 1 resource
????-??-?? ??:??:??,??? [Worker-7: Building workspace] INFO  o.e.m.c.i.embedder.EclipseLogger - Copying 0 resource
????-??-?? ??:??:??,??? [Worker-7: Building workspace] INFO  o.e.m.c.i.embedder.EclipseLogger - Using 'UTF-8' encoding to copy filtered resources.
????-??-?? ??:??:??,??? [Worker-7: Building workspace] INFO  o.e.m.c.i.embedder.EclipseLogger - skip non existing resourceDirectory F:\microservice\service2\product\product\src\test\resources
????-??-?? ??:??:??,??? [Worker-8: Building workspace] INFO  o.e.m.c.i.embedder.EclipseLogger - Using 'UTF-8' encoding to copy filtered resources.
????-??-?? ??:??:??,??? [Worker-8: Building workspace] INFO  o.e.m.c.i.embedder.EclipseLogger - Copying 0 resource
????-??-?? ??:??:??,??? [Worker-8: Building workspace] INFO  o.e.m.c.i.embedder.EclipseLogger - Copying 0 resource
????-??-?? ??:??:??,??? [Worker-8: Building workspace] INFO  o.e.m.c.i.embedder.EclipseLogger - Using 'UTF-8' encoding to copy filtered resources.
????-??-?? ??:??:??,??? [Worker-8: Building workspace] INFO  o.e.m.c.i.embedder.EclipseLogger - skip non existing resourceDirectory F:\microservice\service2\product\product\src\test\resources
????-??-?? ??:??:??,??? [Worker-3: Building workspace] INFO  o.e.m.c.i.embedder.EclipseLogger - Using 'UTF-8' encoding to copy filtered resources.
????-??-?? ??:??:??,??? [Worker-3: Building workspace] INFO  o.e.m.c.i.embedder.EclipseLogger - Copying 0 resource
????-??-?? ??:??:??,??? [Worker-3: Building workspace] INFO  o.e.m.c.i.embedder.EclipseLogger - Copying 0 resource
????-??-?? ??:??:??,??? [Worker-3: Building workspace] INFO  o.e.m.c.i.embedder.EclipseLogger - Using 'UTF-8' encoding to copy filtered resources.
????-??-?? ??:??:??,??? [Worker-3: Building workspace] INFO  o.e.m.c.i.embedder.EclipseLogger - skip non existing resourceDirectory F:\microservice\service2\product\product\src\test\resources
????-??-?? ??:??:??,??? [Worker-7: Building workspace] INFO  o.e.m.c.i.embedder.EclipseLogger - Using 'UTF-8' encoding to copy filtered resources.
????-??-?? ??:??:??,??? [Worker-7: Building workspace] INFO  o.e.m.c.i.embedder.EclipseLogger - Copying 1 resource
????-??-?? ??:??:??,??? [Worker-7: Building workspace] INFO  o.e.m.c.i.embedder.EclipseLogger - Copying 0 resource
????-??-?? ??:??:??,??? [Worker-7: Building workspace] INFO  o.e.m.c.i.embedder.EclipseLogger - Using 'UTF-8' encoding to copy filtered resources.
????-??-?? ??:??:??,??? [Worker-7: Building workspace] INFO  o.e.m.c.i.embedder.EclipseLogger - skip non existing resourceDirectory F:\microservice\service2\product\product\src\test\resources
????-??-?? ??:??:??,??? [Worker-9: Building workspace] INFO  o.e.m.c.i.embedder.EclipseLogger - Using 'UTF-8' encoding to copy filtered resources.
????-??-?? ??:??:??,??? [Worker-9: Building workspace] INFO  o.e.m.c.i.embedder.EclipseLogger - Copying 1 resource
????-??-?? ??:??:??,??? [Worker-9: Building workspace] INFO  o.e.m.c.i.embedder.EclipseLogger - Copying 0 resource
????-??-?? ??:??:??,??? [Worker-9: Building workspace] INFO  o.e.m.c.i.embedder.EclipseLogger - Using 'UTF-8' encoding to copy filtered resources.
????-??-?? ??:??:??,??? [Worker-9: Building workspace] INFO  o.e.m.c.i.embedder.EclipseLogger - skip non existing resourceDirectory F:\microservice\service2\product\product\src\test\resources
????-??-?? ??:??:??,??? [Worker-3: Building workspace] INFO  o.e.m.c.i.embedder.EclipseLogger - Using 'UTF-8' encoding to copy filtered resources.
????-??-?? ??:??:??,??? [Worker-3: Building workspace] INFO  o.e.m.c.i.embedder.EclipseLogger - Copying 1 resource
????-??-?? ??:??:??,??? [Worker-3: Building workspace] INFO  o.e.m.c.i.embedder.EclipseLogger - Copying 0 resource
????-??-?? ??:??:??,??? [Worker-3: Building workspace] INFO  o.e.m.c.i.embedder.EclipseLogger - Using 'UTF-8' encoding to copy filtered resources.
????-??-?? ??:??:??,??? [Worker-3: Building workspace] INFO  o.e.m.c.i.embedder.EclipseLogger - skip non existing resourceDirectory F:\microservice\service2\product\product\src\test\resources
????-??-?? ??:??:??,??? [Worker-13: Building workspace] INFO  o.e.m.c.i.embedder.EclipseLogger - Using 'UTF-8' encoding to copy filtered resources.
????-??-?? ??:??:??,??? [Worker-13: Building workspace] INFO  o.e.m.c.i.embedder.EclipseLogger - Copying 1 resource
????-??-?? ??:??:??,??? [Worker-13: Building workspace] INFO  o.e.m.c.i.embedder.EclipseLogger - Copying 0 resource
????-??-?? ??:??:??,??? [Worker-13: Building workspace] INFO  o.e.m.c.i.embedder.EclipseLogger - Using 'UTF-8' encoding to copy filtered resources.
????-??-?? ??:??:??,??? [Worker-13: Building workspace] INFO  o.e.m.c.i.embedder.EclipseLogger - skip non existing resourceDirectory F:\microservice\service2\product\product\src\test\resources
????-??-?? ??:??:??,??? [Worker-5: Loading available Gradle versions] INFO  o.e.b.c.i.u.g.PublishedGradleVersions - Gradle version information cache is up-to-date. Trying to read.
????-??-?? ??:??:??,??? [Worker-4: Loading available Gradle versions] INFO  o.e.b.c.i.u.g.PublishedGradleVersions - Gradle version information cache is up-to-date. Trying to read.
????-??-?? ??:??:??,??? [Worker-20: Check for devtools] WARN  o.e.m.c.i.embedder.EclipseLogger - The POM for javax.inject:javax.inject:jar:1 is invalid, transitive dependencies (if any) will not be available, enable debug logging for more details
????-??-?? ??:??:??,??? [Worker-19: Launching ProductApplication] INFO  o.e.m.c.i.embedder.EclipseLogger - Using 'UTF-8' encoding to copy filtered resources.
????-??-?? ??:??:??,??? [Worker-19: Launching ProductApplication] INFO  o.e.m.c.i.embedder.EclipseLogger - Copying 1 resource
????-??-?? ??:??:??,??? [Worker-19: Launching ProductApplication] INFO  o.e.m.c.i.embedder.EclipseLogger - Copying 0 resource
????-??-?? ??:??:??,??? [Worker-19: Launching ProductApplication] INFO  o.e.m.c.i.embedder.EclipseLogger - Using 'UTF-8' encoding to copy filtered resources.
????-??-?? ??:??:??,??? [Worker-19: Launching ProductApplication] INFO  o.e.m.c.i.embedder.EclipseLogger - skip non existing resourceDirectory F:\microservice\service2\product\product\src\test\resources
????-??-?? ??:??:??,??? [Worker-23: Building workspace] INFO  o.e.m.c.i.embedder.EclipseLogger - Using 'UTF-8' encoding to copy filtered resources.
????-??-?? ??:??:??,??? [Worker-23: Building workspace] INFO  o.e.m.c.i.embedder.EclipseLogger - Copying 1 resource
????-??-?? ??:??:??,??? [Worker-23: Building workspace] INFO  o.e.m.c.i.embedder.EclipseLogger - Copying 0 resource
????-??-?? ??:??:??,??? [Worker-23: Building workspace] INFO  o.e.m.c.i.embedder.EclipseLogger - Using 'UTF-8' encoding to copy filtered resources.
????-??-?? ??:??:??,??? [Worker-23: Building workspace] INFO  o.e.m.c.i.embedder.EclipseLogger - skip non existing resourceDirectory F:\microservice\service2\product\product\src\test\resources
????-??-?? ??:??:??,??? [Worker-22: Building workspace] INFO  o.e.m.c.i.embedder.EclipseLogger - Using 'UTF-8' encoding to copy filtered resources.
????-??-?? ??:??:??,??? [Worker-22: Building workspace] INFO  o.e.m.c.i.embedder.EclipseLogger - Copying 1 resource
????-??-?? ??:??:??,??? [Worker-22: Building workspace] INFO  o.e.m.c.i.embedder.EclipseLogger - Copying 0 resource
????-??-?? ??:??:??,??? [Worker-22: Building workspace] INFO  o.e.m.c.i.embedder.EclipseLogger - Using 'UTF-8' encoding to copy filtered resources.
????-??-?? ??:??:??,??? [Worker-22: Building workspace] INFO  o.e.m.c.i.embedder.EclipseLogger - skip non existing resourceDirectory F:\microservice\service2\product\product\src\test\resources
????-??-?? ??:??:??,??? [Worker-21: Building workspace] INFO  o.e.m.c.i.embedder.EclipseLogger - Using 'UTF-8' encoding to copy filtered resources.
????-??-?? ??:??:??,??? [Worker-21: Building workspace] INFO  o.e.m.c.i.embedder.EclipseLogger - Copying 1 resource
????-??-?? ??:??:??,??? [Worker-21: Building workspace] INFO  o.e.m.c.i.embedder.EclipseLogger - Copying 0 resource
????-??-?? ??:??:??,??? [Worker-21: Building workspace] INFO  o.e.m.c.i.embedder.EclipseLogger - Using 'UTF-8' encoding to copy filtered resources.
????-??-?? ??:??:??,??? [Worker-21: Building workspace] INFO  o.e.m.c.i.embedder.EclipseLogger - skip non existing resourceDirectory F:\microservice\service2\product\product\src\test\resources
????-??-?? ??:??:??,??? [Worker-13: Building workspace] INFO  o.e.m.c.i.embedder.EclipseLogger - Using 'UTF-8' encoding to copy filtered resources.
????-??-?? ??:??:??,??? [Worker-13: Building workspace] INFO  o.e.m.c.i.embedder.EclipseLogger - Copying 1 resource
????-??-?? ??:??:??,??? [Worker-13: Building workspace] INFO  o.e.m.c.i.embedder.EclipseLogger - Copying 0 resource
????-??-?? ??:??:??,??? [Worker-13: Building workspace] INFO  o.e.m.c.i.embedder.EclipseLogger - Using 'UTF-8' encoding to copy filtered resources.
????-??-?? ??:??:??,??? [Worker-13: Building workspace] INFO  o.e.m.c.i.embedder.EclipseLogger - skip non existing resourceDirectory F:\microservice\service2\product\product\src\test\resources
????-??-?? ??:??:??,??? [Worker-20: Building workspace] INFO  o.e.m.c.i.embedder.EclipseLogger - Using 'UTF-8' encoding to copy filtered resources.
????-??-?? ??:??:??,??? [Worker-20: Building workspace] INFO  o.e.m.c.i.embedder.EclipseLogger - Copying 1 resource
????-??-?? ??:??:??,??? [Worker-20: Building workspace] INFO  o.e.m.c.i.embedder.EclipseLogger - Copying 0 resource
????-??-?? ??:??:??,??? [Worker-20: Building workspace] INFO  o.e.m.c.i.embedder.EclipseLogger - Using 'UTF-8' encoding to copy filtered resources.
????-??-?? ??:??:??,??? [Worker-20: Building workspace] INFO  o.e.m.c.i.embedder.EclipseLogger - skip non existing resourceDirectory F:\microservice\service2\product\product\src\test\resources
????-??-?? ??:??:??,??? [Worker-23: Launching Executing clean in F__microservice_service2_product_product] INFO  o.e.m.i.launch.MavenLaunchDelegate - F:\microservice\service2\product\product
????-??-?? ??:??:??,??? [Worker-23: Launching Executing clean in F__microservice_service2_product_product] INFO  o.e.m.i.launch.MavenLaunchDelegate -  mvn -B clean -Dstyle.color=always
????-??-?? ??:??:??,??? [Worker-24: Building workspace] INFO  o.e.m.c.i.embedder.EclipseLogger - Using 'UTF-8' encoding to copy filtered resources.
????-??-?? ??:??:??,??? [Worker-24: Building workspace] INFO  o.e.m.c.i.embedder.EclipseLogger - Copying 1 resource
????-??-?? ??:??:??,??? [Worker-24: Building workspace] INFO  o.e.m.c.i.embedder.EclipseLogger - Copying 0 resource
????-??-?? ??:??:??,??? [Worker-24: Building workspace] INFO  o.e.m.c.i.embedder.EclipseLogger - Using 'UTF-8' encoding to copy filtered resources.
????-??-?? ??:??:??,??? [Worker-24: Building workspace] INFO  o.e.m.c.i.embedder.EclipseLogger - skip non existing resourceDirectory F:\microservice\service2\product\product\src\test\resources
????-??-?? ??:??:??,??? [Worker-10: Launching Executing clean in F__microservice_service2_product_product] INFO  o.e.m.i.launch.MavenLaunchDelegate - F:\microservice\service2\product\product
????-??-?? ??:??:??,??? [Worker-10: Launching Executing clean in F__microservice_service2_product_product] INFO  o.e.m.i.launch.MavenLaunchDelegate -  mvn -B clean -Dstyle.color=always
????-??-?? ??:??:??,??? [Worker-24: Building workspace] INFO  o.e.m.c.i.embedder.EclipseLogger - Using 'UTF-8' encoding to copy filtered resources.
????-??-?? ??:??:??,??? [Worker-24: Building workspace] INFO  o.e.m.c.i.embedder.EclipseLogger - Copying 1 resource
????-??-?? ??:??:??,??? [Worker-24: Building workspace] INFO  o.e.m.c.i.embedder.EclipseLogger - Copying 0 resource
????-??-?? ??:??:??,??? [Worker-24: Building workspace] INFO  o.e.m.c.i.embedder.EclipseLogger - Using 'UTF-8' encoding to copy filtered resources.
????-??-?? ??:??:??,??? [Worker-24: Building workspace] INFO  o.e.m.c.i.embedder.EclipseLogger - skip non existing resourceDirectory F:\microservice\service2\product\product\src\test\resources
????-??-?? ??:??:??,??? [Worker-23: Updating Maven Project] INFO  o.e.m.c.i.p.ProjectConfigurationManager - Update started
????-??-?? ??:??:??,??? [Worker-23: Updating Maven Project] INFO  o.e.m.c.i.l.LifecycleMappingFactory - Using org.eclipse.m2e.jdt.JarLifecycleMapping lifecycle mapping for MavenProject: com.product.in:product:0.0.1-SNAPSHOT @ F:\microservice\service2\product\product\pom.xml.
????-??-?? ??:??:??,??? [Worker-23: Updating Maven Project] WARN  o.e.m.c.i.embedder.EclipseLogger - The POM for javax.inject:javax.inject:jar:1 is invalid, transitive dependencies (if any) will not be available, enable debug logging for more details
????-??-?? ??:??:??,??? [Worker-23: Updating Maven Project] INFO  o.e.m.j.i.AbstractJavaProjectConfigurator - Adding source folder /product/src/main/java
????-??-?? ??:??:??,??? [Worker-23: Updating Maven Project] INFO  o.e.m.j.i.AbstractJavaProjectConfigurator - Adding resource folder /product/src/main/resources
????-??-?? ??:??:??,??? [Worker-23: Updating Maven Project] INFO  o.e.m.j.i.AbstractJavaProjectConfigurator - Adding resource folder /product/src/main/resources
????-??-?? ??:??:??,??? [Worker-23: Updating Maven Project] INFO  o.e.m.j.i.AbstractJavaProjectConfigurator - Adding source folder /product/src/test/java
????-??-?? ??:??:??,??? [Worker-23: Updating Maven Project] INFO  o.e.m.c.i.p.ProjectConfigurationManager - Update completed: 8 sec
????-??-?? ??:??:??,??? [Worker-22: Building workspace] WARN  o.e.m.c.i.embedder.EclipseLogger - The POM for javax.inject:javax.inject:jar:1 is invalid, transitive dependencies (if any) will not be available, enable debug logging for more details
????-??-?? ??:??:??,??? [Worker-22: Building workspace] INFO  o.e.m.c.i.embedder.EclipseLogger - Using 'UTF-8' encoding to copy filtered resources.
????-??-?? ??:??:??,??? [Worker-22: Building workspace] INFO  o.e.m.c.i.embedder.EclipseLogger - Copying 1 resource
????-??-?? ??:??:??,??? [Worker-22: Building workspace] INFO  o.e.m.c.i.embedder.EclipseLogger - Copying 0 resource
????-??-?? ??:??:??,??? [Worker-22: Building workspace] INFO  o.e.m.c.i.embedder.EclipseLogger - Using 'UTF-8' encoding to copy filtered resources.
????-??-?? ??:??:??,??? [Worker-22: Building workspace] INFO  o.e.m.c.i.embedder.EclipseLogger - skip non existing resourceDirectory F:\microservice\service2\product\product\src\test\resources
????-??-?? ??:??:??,??? [Worker-13: Building workspace] INFO  o.e.m.c.i.embedder.EclipseLogger - Using 'UTF-8' encoding to copy filtered resources.
????-??-?? ??:??:??,??? [Worker-13: Building workspace] INFO  o.e.m.c.i.embedder.EclipseLogger - Copying 1 resource
????-??-?? ??:??:??,??? [Worker-13: Building workspace] INFO  o.e.m.c.i.embedder.EclipseLogger - Copying 0 resource
????-??-?? ??:??:??,??? [Worker-13: Building workspace] INFO  o.e.m.c.i.embedder.EclipseLogger - Using 'UTF-8' encoding to copy filtered resources.
????-??-?? ??:??:??,??? [Worker-13: Building workspace] INFO  o.e.m.c.i.embedder.EclipseLogger - skip non existing resourceDirectory F:\microservice\service2\product\product\src\test\resources
